
[2020-08-14 16:49:26.448][4107145][critical][assert] [external/envoy/source/common/thread_local/thread_local_impl.cc:121] assert failure: std::this_thread::get_id() == main_thread_id_.
[2020-08-14 16:49:26.448][4107145][critical][backtrace] [bazel-out/k8-dbg/bin/external/envoy/source/server/_virtual_includes/backtrace_lib/server/backtrace.h:104] Caught Aborted, suspect faulting address 0x8a965003eab47
[2020-08-14 16:49:26.448][4107145][critical][backtrace] [bazel-out/k8-dbg/bin/external/envoy/source/server/_virtual_includes/backtrace_lib/server/backtrace.h:91] Backtrace (use tools/stack_decode.py to get line numbers):
[2020-08-14 16:49:26.448][4107145][critical][backtrace] [bazel-out/k8-dbg/bin/external/envoy/source/server/_virtual_includes/backtrace_lib/server/backtrace.h:92] Envoy version: 0/1.15.0-dev//DEBUG/BoringSSL
[2020-08-14 16:49:26.483][4107145][critical][backtrace] [bazel-out/k8-dbg/bin/external/envoy/source/server/_virtual_includes/backtrace_lib/server/backtrace.h:96] #0: Envoy::SignalAction::sigHandler() [0x562ed49bb1ac]
[2020-08-14 16:49:26.483][4107145][critical][backtrace] [bazel-out/k8-dbg/bin/external/envoy/source/server/_virtual_includes/backtrace_lib/server/backtrace.h:96] #1: __restore_rt [0x7fba89718110]
[2020-08-14 16:49:26.514][4107145][critical][backtrace] [bazel-out/k8-dbg/bin/external/envoy/source/server/_virtual_includes/backtrace_lib/server/backtrace.h:96] #2: Envoy::ThreadLocal::InstanceImpl::Bookkeeper::~Bookkeeper() [0x562ed3c9b395]
[2020-08-14 16:49:26.545][4107145][critical][backtrace] [bazel-out/k8-dbg/bin/external/envoy/source/server/_virtual_includes/backtrace_lib/server/backtrace.h:96] #3: Envoy::ThreadLocal::InstanceImpl::Bookkeeper::~Bookkeeper() [0x562ed3c9b429]
[2020-08-14 16:49:26.576][4107145][critical][backtrace] [bazel-out/k8-dbg/bin/external/envoy/source/server/_virtual_includes/backtrace_lib/server/backtrace.h:96] #4: std::default_delete<>::operator()() [0x562ed3091e2f]
[2020-08-14 16:49:26.607][4107145][critical][backtrace] [bazel-out/k8-dbg/bin/external/envoy/source/server/_virtual_includes/backtrace_lib/server/backtrace.h:96] #5: std::unique_ptr<>::~unique_ptr() [0x562ed309086a]
[2020-08-14 16:49:26.640][4107145][critical][backtrace] [bazel-out/k8-dbg/bin/external/envoy/source/server/_virtual_includes/backtrace_lib/server/backtrace.h:96] #6: Envoy::Extensions::HttpFilters::JwtAuthn::FilterConfigImpl::~FilterConfigImpl() [0x562ed35d66f4]
[2020-08-14 16:49:26.673][4107145][critical][backtrace] [bazel-out/k8-dbg/bin/external/envoy/source/server/_virtual_includes/backtrace_lib/server/backtrace.h:96] #7: Envoy::Extensions::HttpFilters::JwtAuthn::FilterConfigImpl::~FilterConfigImpl() [0x562ed35d6759]
[2020-08-14 16:49:26.705][4107145][critical][backtrace] [bazel-out/k8-dbg/bin/external/envoy/source/server/_virtual_includes/backtrace_lib/server/backtrace.h:96] #8: std::_Sp_counted_ptr<>::_M_dispose() [0x562ed35d9b0f]
[2020-08-14 16:49:26.736][4107145][critical][backtrace] [bazel-out/k8-dbg/bin/external/envoy/source/server/_virtual_includes/backtrace_lib/server/backtrace.h:96] #9: std::_Sp_counted_base<>::_M_release() [0x562ed2ff9f9c]
[2020-08-14 16:49:26.768][4107145][critical][backtrace] [bazel-out/k8-dbg/bin/external/envoy/source/server/_virtual_includes/backtrace_lib/server/backtrace.h:96] #10: std::__shared_count<>::~__shared_count() [0x562ed2ff9f4a]
[2020-08-14 16:49:26.799][4107145][critical][backtrace] [bazel-out/k8-dbg/bin/external/envoy/source/server/_virtual_includes/backtrace_lib/server/backtrace.h:96] #11: std::__shared_ptr<>::~__shared_ptr() [0x562ed35d9d59]
[2020-08-14 16:49:26.832][4107145][critical][backtrace] [bazel-out/k8-dbg/bin/external/envoy/source/server/_virtual_includes/backtrace_lib/server/backtrace.h:96] #12: std::shared_ptr<>::~shared_ptr() [0x562ed35d2bb5]
[2020-08-14 16:49:26.865][4107145][critical][backtrace] [bazel-out/k8-dbg/bin/external/envoy/source/server/_virtual_includes/backtrace_lib/server/backtrace.h:96] #13: Envoy::Extensions::HttpFilters::JwtAuthn::FilterConfigImpl::init()::$_0::~init() [0x562ed35dde65]
[2020-08-14 16:49:26.898][4107145][critical][backtrace] [bazel-out/k8-dbg/bin/external/envoy/source/server/_virtual_includes/backtrace_lib/server/backtrace.h:96] #14: std::_Function_base::_Base_manager<>::_M_destroy() [0x562ed35de46f]
[2020-08-14 16:49:26.933][4107145][critical][backtrace] [bazel-out/k8-dbg/bin/external/envoy/source/server/_virtual_includes/backtrace_lib/server/backtrace.h:96] #15: std::_Function_base::_Base_manager<>::_M_manager() [0x562ed35de226]
[2020-08-14 16:49:26.965][4107145][critical][backtrace] [bazel-out/k8-dbg/bin/external/envoy/source/server/_virtual_includes/backtrace_lib/server/backtrace.h:96] #16: std::_Function_base::~_Function_base() [0x562ed3022d24]
[2020-08-14 16:49:26.994][4107145][critical][backtrace] [bazel-out/k8-dbg/bin/external/envoy/source/server/_virtual_includes/backtrace_lib/server/backtrace.h:96] #17: std::function<>::~function() [0x562ed30901a5]
[2020-08-14 16:49:27.024][4107145][critical][backtrace] [bazel-out/k8-dbg/bin/external/envoy/source/server/_virtual_includes/backtrace_lib/server/backtrace.h:96] #18: Envoy::ThreadLocal::InstanceImpl::Bookkeeper::set()::$_7::~set() [0x562ed3c929ec]
[2020-08-14 16:49:27.054][4107145][critical][backtrace] [bazel-out/k8-dbg/bin/external/envoy/source/server/_virtual_includes/backtrace_lib/server/backtrace.h:96] #19: std::_Function_base::_Base_manager<>::_M_destroy() [0x562ed3c9794f]
[2020-08-14 16:49:27.087][4107145][critical][backtrace] [bazel-out/k8-dbg/bin/external/envoy/source/server/_virtual_includes/backtrace_lib/server/backtrace.h:96] #20: std::_Function_base::_Base_manager<>::_M_manager() [0x562ed3c97756]
[2020-08-14 16:49:27.087][4107145][critical][backtrace] [bazel-out/k8-dbg/bin/external/envoy/source/server/_virtual_includes/backtrace_lib/server/backtrace.h:96] #21: std::_Function_base::~_Function_base() [0x562ed3022d24]
[2020-08-14 16:49:27.087][4107145][critical][backtrace] [bazel-out/k8-dbg/bin/external/envoy/source/server/_virtual_includes/backtrace_lib/server/backtrace.h:96] #22: std::function<>::~function() [0x562ed30901a5]
[2020-08-14 16:49:27.117][4107145][critical][backtrace] [bazel-out/k8-dbg/bin/external/envoy/source/server/_virtual_includes/backtrace_lib/server/backtrace.h:96] #23: Envoy::ThreadLocal::InstanceImpl::SlotImpl::set()::$_13::~set() [0x562ed3c94839]
[2020-08-14 16:49:27.148][4107145][critical][backtrace] [bazel-out/k8-dbg/bin/external/envoy/source/server/_virtual_includes/backtrace_lib/server/backtrace.h:96] #24: std::_Function_base::_Base_manager<>::_M_destroy() [0x562ed3c995cf]
[2020-08-14 16:49:27.180][4107145][critical][backtrace] [bazel-out/k8-dbg/bin/external/envoy/source/server/_virtual_includes/backtrace_lib/server/backtrace.h:96] #25: std::_Function_base::_Base_manager<>::_M_manager() [0x562ed3c99396]
[2020-08-14 16:49:27.180][4107145][critical][backtrace] [bazel-out/k8-dbg/bin/external/envoy/source/server/_virtual_includes/backtrace_lib/server/backtrace.h:96] #26: std::_Function_base::~_Function_base() [0x562ed3022d24]
[2020-08-14 16:49:27.211][4107145][critical][backtrace] [bazel-out/k8-dbg/bin/external/envoy/source/server/_virtual_includes/backtrace_lib/server/backtrace.h:96] #27: std::function<>::~function() [0x562ed3092ce5]
[2020-08-14 16:49:27.242][4107145][critical][backtrace] [bazel-out/k8-dbg/bin/external/envoy/source/server/_virtual_includes/backtrace_lib/server/backtrace.h:96] #28: Envoy::Event::DispatcherImpl::runPostCallbacks() [0x562ed3e52701]
[2020-08-14 16:49:27.275][4107145][critical][backtrace] [bazel-out/k8-dbg/bin/external/envoy/source/server/_virtual_includes/backtrace_lib/server/backtrace.h:96] #29: Envoy::Event::DispatcherImpl::run() [0x562ed3e525f5]
[2020-08-14 16:49:27.305][4107145][critical][backtrace] [bazel-out/k8-dbg/bin/external/envoy/source/server/_virtual_includes/backtrace_lib/server/backtrace.h:96] #30: Envoy::Server::WorkerImpl::threadRoutine() [0x562ed3e2d009]
[2020-08-14 16:49:27.338][4107145][critical][backtrace] [bazel-out/k8-dbg/bin/external/envoy/source/server/_virtual_includes/backtrace_lib/server/backtrace.h:96] #31: Envoy::Server::WorkerImpl::start()::$_4::operator()() [0x562ed3e2e76f]
[2020-08-14 16:49:27.368][4107145][critical][backtrace] [bazel-out/k8-dbg/bin/external/envoy/source/server/_virtual_includes/backtrace_lib/server/backtrace.h:96] #32: std::_Function_handler<>::_M_invoke() [0x562ed3e2e61d]
[2020-08-14 16:49:27.403][4107145][critical][backtrace] [bazel-out/k8-dbg/bin/external/envoy/source/server/_virtual_includes/backtrace_lib/server/backtrace.h:96] #33: std::function<>::operator()() [0x562ed30f167e]
[2020-08-14 16:49:27.432][4107145][critical][backtrace] [bazel-out/k8-dbg/bin/external/envoy/source/server/_virtual_includes/backtrace_lib/server/backtrace.h:96] #34: Envoy::Thread::ThreadImplPosix::ThreadImplPosix()::{lambda()#1}::operator()() [0x562ed4a1b8f0]
[2020-08-14 16:49:27.467][4107145][critical][backtrace] [bazel-out/k8-dbg/bin/external/envoy/source/server/_virtual_includes/backtrace_lib/server/backtrace.h:96] #35: Envoy::Thread::ThreadImplPosix::ThreadImplPosix()::{lambda()#1}::__invoke() [0x562ed4a1b8c5]
[2020-08-14 16:49:27.467][4107145][critical][backtrace] [bazel-out/k8-dbg/bin/external/envoy/source/server/_virtual_includes/backtrace_lib/server/backtrace.h:96] #36: start_thread [0x7fba8970cf27]